<?xml version="1.0" encoding="UTF-8"?>
<Site BuildName="Darwin-c++"
	BuildStamp="20240716-0209-Experimental"
	Name="Hamnas-MBP.attlocal.net"
	Generator="ctest-3.27.4"
	CompilerName="/Library/Developer/CommandLineTools/usr/bin/c++"
	CompilerVersion="15.0.0.15000309"
	OSName="macOS"
	Hostname="Hamnas-MBP.attlocal.net"
	OSRelease="14.4.1"
	OSVersion="23E224"
	OSPlatform="x86_64"
	Is64Bits="1"
	VendorString="GenuineIntel"
	VendorID="Intel Corporation"
	FamilyID="6"
	ModelID="126"
	ProcessorCacheSize="32768"
	NumberOfLogicalCPU="8"
	NumberOfPhysicalCPU="4"
	TotalVirtualMemory="8192"
	TotalPhysicalMemory="16384"
	LogicalProcessorsPerPhysical="8"
	ProcessorClockFrequency="2000"
	>
	<Testing>
		<StartDateTime>Jul 15 21:09 CDT</StartDateTime>
		<StartTestTime>1721095763</StartTestTime>
		<TestList/>
		<EndDateTime>Jul 15 21:09 CDT</EndDateTime>
		<EndTestTime>1721095763</EndTestTime>
		<ElapsedMinutes>0</ElapsedMinutes>
	</Testing>
</Site>
